[marketifythemes.net/html/dizme/index.html]
[backblue.gif]
[fade.gif]
[index.html]
[marketifythemes.net/html/dizme/css/plugins.css]
[marketifythemes.net/html/dizme/css/dark.css]
[marketifythemes.net/html/dizme/css/style.css]
[marketifythemes.net/html/dizme/img/logo/logo.png]
[marketifythemes.net/html/dizme/img/cv/1.jpg]
[marketifythemes.net/html/dizme/img/slider/1.jpg]
[marketifythemes.net/html/dizme/img/slider/avatar.png]
[marketifythemes.net/html/dizme/img/svg/skills/illustrator.svg]
[marketifythemes.net/html/dizme/img/svg/skills/photoshop.svg]
[marketifythemes.net/html/dizme/img/svg/skills/figma.svg]
[marketifythemes.net/html/dizme/img/brushes/process/1.png]
[marketifythemes.net/html/dizme/img/svg/process/target.svg]
[marketifythemes.net/html/dizme/img/brushes/process/2.png]
[marketifythemes.net/html/dizme/img/svg/process/brush.svg]
[marketifythemes.net/html/dizme/img/brushes/process/3.png]
[marketifythemes.net/html/dizme/img/svg/process/energy.svg]
[marketifythemes.net/html/dizme/img/about/1.jpg]
[marketifythemes.net/html/dizme/img/brushes/about/1.png]
[marketifythemes.net/html/dizme/img/brushes/about/2.png]
[marketifythemes.net/html/dizme/img/thumbs/42-56.jpg]
[marketifythemes.net/html/dizme/img/portfolio/1.jpg]
[marketifythemes.net/html/dizme/img/thumbs/42-34.jpg]
[marketifythemes.net/html/dizme/img/portfolio/2.jpg]
[marketifythemes.net/html/dizme/img/portfolio/3.jpg]
[marketifythemes.net/html/dizme/img/portfolio/5.jpg]
[marketifythemes.net/html/dizme/img/portfolio/4.jpg]
[marketifythemes.net/html/dizme/img/portfolio/6.jpg]
[marketifythemes.net/html/dizme/img/thumbs/4-2.jpg]
[marketifythemes.net/html/dizme/img/brushes/portfolio/1.png]
[marketifythemes.net/html/dizme/img/brushes/portfolio/2.png]
[marketifythemes.net/html/dizme/img/skills/1.jpg]
[marketifythemes.net/html/dizme/img/svg/service/anchor.svg]
[marketifythemes.net/html/dizme/img/brushes/service/1.png]
[marketifythemes.net/html/dizme/img/service/1.jpg]
[marketifythemes.net/html/dizme/img/svg/service/physics.svg]
[marketifythemes.net/html/dizme/img/brushes/service/2.png]
[marketifythemes.net/html/dizme/img/service/2.jpg]
[marketifythemes.net/html/dizme/img/svg/service/contact.svg]
[marketifythemes.net/html/dizme/img/brushes/service/3.png]
[marketifythemes.net/html/dizme/img/service/3.jpg]
[marketifythemes.net/html/dizme/img/svg/service/web.svg]
[marketifythemes.net/html/dizme/img/brushes/service/4.png]
[marketifythemes.net/html/dizme/img/service/4.jpg]
[marketifythemes.net/html/dizme/img/brushes/service/5.png]
[marketifythemes.net/html/dizme/img/brushes/service/6.png]
[marketifythemes.net/html/dizme/img/svg/testimonials/quote.svg]
[marketifythemes.net/html/dizme/img/testimonials/4.jpg]
[marketifythemes.net/html/dizme/img/testimonials/3.jpg]
[marketifythemes.net/html/dizme/img/testimonials/6.jpg]
[marketifythemes.net/html/dizme/img/testimonials/2.jpg]
[marketifythemes.net/html/dizme/img/testimonials/1.jpg]
[marketifythemes.net/html/dizme/img/testimonials/5.jpg]
[marketifythemes.net/html/dizme/img/testimonials/7.jpg]
[marketifythemes.net/html/dizme/img/brushes/testimonials/1.png]
[marketifythemes.net/html/dizme/img/partners/dark/1.png]
[marketifythemes.net/html/dizme/img/partners/dark/2.png]
[marketifythemes.net/html/dizme/img/partners/dark/3.png]
[marketifythemes.net/html/dizme/img/partners/dark/4.png]
[marketifythemes.net/html/dizme/img/partners/dark/5.png]
[marketifythemes.net/html/dizme/img/partners/dark/6.png]
[marketifythemes.net/html/dizme/img/partners/dark/7.png]
[marketifythemes.net/html/dizme/img/partners/dark/8.png]
[marketifythemes.net/html/dizme/img/brushes/partners/1.png]
[marketifythemes.net/html/dizme/img/thumbs/42-29.jpg]
[marketifythemes.net/html/dizme/img/news/1.jpg]
[marketifythemes.net/html/dizme/img/news/2.jpg]
[marketifythemes.net/html/dizme/img/news/3.jpg]
[marketifythemes.net/html/dizme/img/brushes/news/1.png]
[marketifythemes.net/html/dizme/img/brushes/news/2.png]
[marketifythemes.net/html/dizme/img/subscribe/dots.jpg]
[marketifythemes.net/html/dizme/img/brushes/contact/2.png]
[marketifythemes.net/html/dizme/img/brushes/contact/1.png]
[marketifythemes.net/cdn-cgi/scripts/5c5dd728/cloudflare-static/email-decode.min.js]
[marketifythemes.net/html/dizme/js/jquery.js]
[marketifythemes.net/html/dizme/js/plugins.js]
[marketifythemes.net/html/dizme/index.html]
[marketifythemes.net/html/dizme/js/init.js]
[marketifythemes.net/html/dizme/css/font/fontello3b7f.woff2]
[marketifythemes.net/html/dizme/css/font/fontello3b7f.eot]
[marketifythemes.net/html/dizme/css/font/fontello3b7f.woff]
[marketifythemes.net/html/dizme/css/font/fontello3b7f.ttf]
[marketifythemes.net/html/dizme/css/font/fontello3b7f.svg]
[marketifythemes.net/html/dizme/css/owl.video.play.png]
[marketifythemes.net/html/dizme/css/plugins.css]
[marketifythemes.net/html/dizme/css/dark.css]
[marketifythemes.net/html/dizme/css/style.css]
[marketifythemes.net/html/dizme/img/svg/skills/illustrator.svg]
[marketifythemes.net/html/dizme/img/svg/skills/photoshop.svg]
[marketifythemes.net/html/dizme/img/svg/skills/figma.svg]
[marketifythemes.net/html/dizme/img/svg/process/target.svg]
[marketifythemes.net/html/dizme/img/svg/process/brush.svg]
[marketifythemes.net/html/dizme/img/svg/process/energy.svg]
[marketifythemes.net/html/dizme/img/svg/service/anchor.svg]
[marketifythemes.net/html/dizme/img/svg/service/physics.svg]
[marketifythemes.net/html/dizme/img/svg/service/contact.svg]
[marketifythemes.net/html/dizme/img/svg/service/web.svg]
[marketifythemes.net/html/dizme/img/svg/testimonials/quote.svg]
[marketifythemes.net/html/dizme/js/jquery.js]
[marketifythemes.net/html/dizme/js/plugins.js]
[marketifythemes.net/html/dizme/img.svg]
[marketifythemes.net/html/dizme/js/init.js]
[marketifythemes.net/html/dizme/modal/contact.html]
[marketifythemes.net/html/dizme/css/font/fontello3b7f.svg]
[marketifythemes.net/html/dizme/css/owl.video.play.html]
[marketifythemes.net/html/dizme/img.html]
[marketifythemes.net/html/dizme/modal/contact.html]
